<?xml version="1.0" encoding="UTF-8"?>
<!-- Generated by org.testng.reporters.JUnitReportReporter -->
<testsuite hostname="DESKTOP-DBONM66" name="DataDriven.data" tests="3" failures="0" timestamp="16 Oct 2016 19:04:11 GMT" time="46.653" errors="0">
  <testcase name="data" time="16.390" classname="DataDriven.data"/>
  <testcase name="data" time="14.528" classname="DataDriven.data"/>
  <testcase name="data" time="15.735" classname="DataDriven.data"/>
</testsuite> <!-- DataDriven.data -->
