<?xml version="1.0" encoding="UTF-8"?>
<!-- Generated by org.testng.reporters.JUnitReportReporter -->
<testsuite hostname="DESKTOP-DBONM66" name="TestNG.TestNG" tests="2" failures="0" timestamp="9 Sep 2016 06:18:12 GMT" time="0.015" errors="0">
  <testcase name="AExample" time="0.010" classname="TestNG.TestNG"/>
  <testcase name="BExample" time="0.005" classname="TestNG.TestNG"/>
</testsuite> <!-- TestNG.TestNG -->
