<?xml version="1.0" encoding="UTF-8"?>
<!-- Generated by org.testng.reporters.JUnitReportReporter -->
<testsuite hostname="DESKTOP-DBONM66" name="TestNG.Flipkart" tests="1" failures="0" timestamp="24 Sep 2016 12:16:46 GMT" time="10.602" errors="0">
  <testcase name="signup" time="10.602" classname="TestNG.Flipkart"/>
</testsuite> <!-- TestNG.Flipkart -->
